c:\users\o012542m\documents\github\fogs\hellogl\hellogl\debug\vc143.pdb
c:\users\o012542m\documents\github\fogs\hellogl\hellogl\debug\vc143.idb
c:\users\o012542m\documents\github\fogs\hellogl\hellogl\debug\hellogl.obj
c:\users\o012542m\documents\github\fogs\hellogl\hellogl\debug\cube.obj
c:\users\o012542m\documents\github\fogs\hellogl\hellogl\debug\main.obj
c:\users\o012542m\documents\github\fogs\hellogl\hellogl\debug\glutcallbacks.obj
c:\users\o012542m\documents\github\fogs\hellogl\debug\hellogl.pdb
c:\users\o012542m\documents\github\fogs\hellogl\hellogl\debug\hellogl.tlog\cl.command.1.tlog
c:\users\o012542m\documents\github\fogs\hellogl\hellogl\debug\hellogl.tlog\cl.read.1.tlog
c:\users\o012542m\documents\github\fogs\hellogl\hellogl\debug\hellogl.tlog\cl.write.1.tlog
c:\users\o012542m\documents\github\fogs\hellogl\hellogl\debug\hellogl.tlog\link-cvtres.read.1.tlog
c:\users\o012542m\documents\github\fogs\hellogl\hellogl\debug\hellogl.tlog\link-cvtres.write.1.tlog
c:\users\o012542m\documents\github\fogs\hellogl\hellogl\debug\hellogl.tlog\link-rc.read.1.tlog
c:\users\o012542m\documents\github\fogs\hellogl\hellogl\debug\hellogl.tlog\link-rc.write.1.tlog
c:\users\o012542m\documents\github\fogs\hellogl\hellogl\debug\hellogl.tlog\link.14224-cvtres.read.1.tlog
c:\users\o012542m\documents\github\fogs\hellogl\hellogl\debug\hellogl.tlog\link.14224-cvtres.write.1.tlog
c:\users\o012542m\documents\github\fogs\hellogl\hellogl\debug\hellogl.tlog\link.14224-rc.read.1.tlog
c:\users\o012542m\documents\github\fogs\hellogl\hellogl\debug\hellogl.tlog\link.14224-rc.write.1.tlog
c:\users\o012542m\documents\github\fogs\hellogl\hellogl\debug\hellogl.tlog\link.14224.read.1.tlog
c:\users\o012542m\documents\github\fogs\hellogl\hellogl\debug\hellogl.tlog\link.14224.write.1.tlog
c:\users\o012542m\documents\github\fogs\hellogl\hellogl\debug\hellogl.tlog\link.command.1.tlog
c:\users\o012542m\documents\github\fogs\hellogl\hellogl\debug\hellogl.tlog\link.read.1.tlog
c:\users\o012542m\documents\github\fogs\hellogl\hellogl\debug\hellogl.tlog\link.write.1.tlog
